<?xml version="1.0" encoding="UTF-8"?>
<!-- Generated by org.testng.reporters.JUnitReportReporter -->
<testsuite name="org.SW.SouthWestAir" tests="2" time="34.335" ignored="0" failures="0" timestamp="14 May 2020 14:25:48 GMT" skipped="0" hostname="Jai" errors="0">
  <testcase name="fill_1_from_to" time="12.357" classname="org.SW.SouthWestAir"/>
  <testcase name="fill_2_dateup_datedown" time="21.978" classname="org.SW.SouthWestAir"/>
</testsuite> <!-- org.SW.SouthWestAir -->
